#
# There is insufficient memory for the Java Runtime Environment to continue.
# Native memory allocation (malloc) failed to allocate 1048576 bytes for AllocateHeap
# Possible reasons:
#   The system is out of physical RAM or swap space
#   In 32 bit mode, the process size limit was hit
# Possible solutions:
#   Reduce memory load on the system
#   Increase physical memory or swap space
#   Check if swap backing store is full
#   Use 64 bit Java on a 64 bit OS
#   Decrease Java heap size (-Xmx/-Xms)
#   Decrease number of Java threads
#   Decrease Java thread stack sizes (-Xss)
#   Set larger code cache with -XX:ReservedCodeCacheSize=
# This output file may be truncated or incomplete.
#
#  Out of Memory Error (memory/allocation.inline.hpp:61), pid=19576, tid=0x00000000000031b4
#
# JRE version:  (8.0) (build )
# Java VM: OpenJDK 64-Bit Server VM (25.71-b00 mixed mode windows-amd64 compressed oops)
# Failed to write core dump. Minidumps are not enabled by default on client versions of Windows
#

---------------  T H R E A D  ---------------

Current thread (0x0000000003f32800):  JavaThread "Unknown thread" [_thread_in_vm, id=12724, stack(0x0000000003de0000,0x0000000003ee0000)]

Stack: [0x0000000003de0000,0x0000000003ee0000]
[error occurred during error reporting (printing stack bounds), id 0xc0000005]

Native frames: (J=compiled Java code, j=interpreted, Vv=VM code, C=native code)


---------------  P R O C E S S  ---------------

Java Threads: ( => current thread )

Other Threads:

=>0x0000000003f32800 (exited) JavaThread "Unknown thread" [_thread_in_vm, id=12724, stack(0x0000000003de0000,0x0000000003ee0000)]

VM state:not at safepoint (normal execution)

VM Mutex/Monitor currently owned by a thread: None

Heap:
 PSYoungGen      total 114176K, used 1966K [0x0000000740c00000, 0x0000000748b00000, 0x00000007c0000000)
  eden space 98304K, 2% used [0x0000000740c00000,0x0000000740deb860,0x0000000746c00000)
  from space 15872K, 0% used [0x0000000747b80000,0x0000000747b80000,0x0000000748b00000)
  to   space 15872K, 0% used [0x0000000746c00000,0x0000000746c00000,0x0000000747b80000)
 ParOldGen       total 261120K, used 0K [0x0000000642400000, 0x0000000652300000, 0x0000000740c00000)
  object space 261120K, 0% used [0x0000000642400000,0x0000000642400000,0x0000000652300000)
 Metaspace       used 777K, capacity 4480K, committed 4480K, reserved 1056768K
  class space    used 74K, capacity 384K, committed 384K, reserved 1048576K

Card table byte_map: [0x0000000005060000,0x0000000005c50000] byte_map_base: 0x0000000001e4e000

Marking Bits: (ParMarkBitMap*) 0x000000000481be50
 Begin Bits: [0x0000000014150000, 0x000000001a0c0000)
 End Bits:   [0x000000001a0c0000, 0x0000000020030000)

Polling page: 0x0000000003f10000

CodeCache: size=245760Kb used=328Kb max_used=328Kb free=245431Kb
 bounds [0x0000000020210000, 0x0000000020480000, 0x000000002f210000]
 total_blobs=57 nmethods=0 adapters=38
 compilation: enabled

Compilation events (0 events):
No events

GC Heap History (0 events):
No events

Deoptimization events (0 events):
No events

Classes redefined (0 events):
No events

Internal exceptions (0 events):
No events

Events (10 events):
Event: 0.026 loading class java/lang/Short
Event: 0.026 loading class java/lang/Short done
Event: 0.026 loading class java/lang/Integer
Event: 0.026 loading class java/lang/Integer done
Event: 0.026 loading class java/lang/Long
Event: 0.026 loading class java/lang/Long done
Event: 0.027 loading class java/lang/NullPointerException
Event: 0.027 loading class java/lang/NullPointerException done
Event: 0.027 loading class java/lang/ArithmeticException
Event: 0.027 loading class java/lang/ArithmeticException done


Dynamic libraries:
0x00007ff626b90000 - 0x00007ff626bc5000 	C:\Program Files\Unity\Hub\Editor\2019.4.13f1\Editor\Data\PlaybackEngines\AndroidPlayer\OpenJDK\bin\java.exe
0x00007ffc66340000 - 0x00007ffc66530000 	C:\WINDOWS\SYSTEM32\ntdll.dll
0x00007ffc661e0000 - 0x00007ffc66292000 	C:\WINDOWS\System32\KERNEL32.DLL
0x00007ffc634a0000 - 0x00007ffc63745000 	C:\WINDOWS\System32\KERNELBASE.dll
0x00007ffc64c10000 - 0x00007ffc64cb3000 	C:\WINDOWS\System32\ADVAPI32.dll
0x00007ffc65480000 - 0x00007ffc6551e000 	C:\WINDOWS\System32\msvcrt.dll
0x00007ffc64f10000 - 0x00007ffc64fa7000 	C:\WINDOWS\System32\sechost.dll
0x00007ffc65520000 - 0x00007ffc65640000 	C:\WINDOWS\System32\RPCRT4.dll
0x00007ffc65fc0000 - 0x00007ffc66154000 	C:\WINDOWS\System32\USER32.dll
0x00007ffc632d0000 - 0x00007ffc632f1000 	C:\WINDOWS\System32\win32u.dll
0x00007ffc64ee0000 - 0x00007ffc64f06000 	C:\WINDOWS\System32\GDI32.dll
0x00007ffc63300000 - 0x00007ffc63496000 	C:\WINDOWS\System32\gdi32full.dll
0x00007ffc638e0000 - 0x00007ffc6397e000 	C:\WINDOWS\System32\msvcp_win.dll
0x00007ffc637b0000 - 0x00007ffc638aa000 	C:\WINDOWS\System32\ucrtbase.dll
0x00007ffc57080000 - 0x00007ffc57304000 	C:\WINDOWS\WinSxS\amd64_microsoft.windows.common-controls_6595b64144ccf1df_6.0.18362.1139_none_9e7bf2d3e4605ac6\COMCTL32.dll
0x00007ffc65810000 - 0x00007ffc65b45000 	C:\WINDOWS\System32\combase.dll
0x00007ffc639a0000 - 0x00007ffc63a20000 	C:\WINDOWS\System32\bcryptPrimitives.dll
0x00007ffc652e0000 - 0x00007ffc6530e000 	C:\WINDOWS\System32\IMM32.DLL
0x00007ffc0b440000 - 0x00007ffc0b636000 	C:\WINDOWS\system32\tmumh\20019\AddOn\8.53.0.1046\TmUmEvt64.dll
0x00007ffc64cc0000 - 0x00007ffc64cc8000 	C:\WINDOWS\System32\PSAPI.DLL
0x0000000058540000 - 0x00000000586ae000 	C:\WINDOWS\system32\tmumh\20019\TmMon\2.8.0.1045\tmmon64.dll
0x00007ffc64e80000 - 0x00007ffc64ed2000 	C:\WINDOWS\System32\Shlwapi.dll
0x0000000003bc0000 - 0x0000000003c92000 	C:\Program Files\Unity\Hub\Editor\2019.4.13f1\Editor\Data\PlaybackEngines\AndroidPlayer\OpenJDK\jre\bin\msvcr100.dll
0x0000000004050000 - 0x0000000004899000 	C:\Program Files\Unity\Hub\Editor\2019.4.13f1\Editor\Data\PlaybackEngines\AndroidPlayer\OpenJDK\jre\bin\server\jvm.dll
0x0000000003840000 - 0x0000000003849000 	C:\WINDOWS\SYSTEM32\WSOCK32.dll
0x0000000003cb0000 - 0x0000000003d1f000 	C:\WINDOWS\System32\WS2_32.dll
0x0000000003d20000 - 0x0000000003d44000 	C:\WINDOWS\SYSTEM32\WINMM.dll
0x0000000003850000 - 0x000000000385a000 	C:\WINDOWS\SYSTEM32\VERSION.dll
0x0000000003d50000 - 0x0000000003d7d000 	C:\WINDOWS\SYSTEM32\WINMMBASE.dll
0x0000000003d80000 - 0x0000000003dca000 	C:\WINDOWS\System32\cfgmgr32.dll
0x0000000003860000 - 0x000000000386f000 	C:\Program Files\Unity\Hub\Editor\2019.4.13f1\Editor\Data\PlaybackEngines\AndroidPlayer\OpenJDK\jre\bin\verify.dll
0x0000000003ee0000 - 0x0000000003f09000 	C:\Program Files\Unity\Hub\Editor\2019.4.13f1\Editor\Data\PlaybackEngines\AndroidPlayer\OpenJDK\jre\bin\java.dll
0x00000000048a0000 - 0x00000000048b6000 	C:\Program Files\Unity\Hub\Editor\2019.4.13f1\Editor\Data\PlaybackEngines\AndroidPlayer\OpenJDK\jre\bin\zip.dll

VM Arguments:
jvm_args: -Dfile.encoding=UTF-8 
java_command: org.gradle.launcher.GradleMain -Dorg.gradle.jvmargs=-Xmx4096m --stop
java_class_path (initial): C:\Program Files\Unity\Hub\Editor\2019.4.13f1\Editor\Data\PlaybackEngines\AndroidPlayer\Tools\gradle\lib\gradle-launcher-5.1.1.jar
Launcher Type: SUN_STANDARD

Environment Variables:
JAVA_HOME=C:/Program Files/Unity/Hub/Editor/2019.4.13f1/Editor/Data/PlaybackEngines/AndroidPlayer\OpenJDK
JAVA_TOOL_OPTIONS=-Dfile.encoding=UTF-8
PATH=C:\Program Files\Oculus\Support\oculus-runtime;C:\Program Files (x86)\Common Files\Intel\Shared Libraries\redist\intel64\compiler;C:\Program Files (x86)\Common Files\Oracle\Java\javapath;C:\Windows\system32;C:\Windows;C:\Windows\System32\Wbem;C:\Windows\System32\WindowsPowerShell\v1.0\;C:\Program Files (x86)\NVIDIA Corporation\PhysX\Common;C:\WINDOWS\system32;C:\WINDOWS;C:\WINDOWS\System32\Wbem;C:\WINDOWS\System32\WindowsPowerShell\v1.0\;C:\WINDOWS\System32\OpenSSH\;C:\Program Files (x86)\GtkSharp\2.12\bin;C:\Program Files\dotnet\;C:\Program Files\MATLAB\R2018b\bin;C:\Program Files\Git\cmd;C:\Program Files (x86)\Intel\Intel(R) Management Engine Components\DAL;C:\Program Files\Intel\Intel(R) Management Engine Components\DAL;C:\Program Files\Calibre2\;C:\Users\Cloud\AppData\Local\Android\Sdk\platform-tools;C:\Users\Cloud\AppData\Local\Microsoft\WindowsApps;C:\Users\Cloud\AppData\Local\atom\bin;C:\Users\Cloud\AppData\Local\Microsoft\WindowsApps;C:\Users\Cloud\AppData\Local\GitHubDesktop\bin
USERNAME=Cloud
OS=Windows_NT
PROCESSOR_IDENTIFIER=Intel64 Family 6 Model 158 Stepping 10, GenuineIntel



---------------  S Y S T E M  ---------------

OS: Windows 10.0 , 64 bit Build 18362 (10.0.18362.1110)

CPU:total 12 (initial active 12) (6 cores per cpu, 2 threads per core) family 6 model 158 stepping 10, cmov, cx8, fxsr, mmx, sse, sse2, sse3, ssse3, sse4.1, sse4.2, popcnt, avx, avx2, aes, clmul, erms, rtm, 3dnowpref, lzcnt, ht, tsc, tscinvbit, bmi1, bmi2, adx

Memory: 4k page, physical 25015428k(10856012k free), swap 25015428k(6004k free)

vm_info: OpenJDK 64-Bit Server VM (25.71-b00) for windows-amd64 JRE (1.8.0-adoptopenjdk-_2018_05_19_00_59-b00), built on May 19 2018 01:02:12 by "jenkins" with MS VC++ 10.0 (VS2010)

time: Sun Nov 01 01:10:37 2020
elapsed time: 0 seconds (0d 0h 0m 0s)

